<?xml version="1.0" encoding="UTF-8"?>
<!-- Generated by org.testng.reporters.JUnitXMLReporter -->
<testsuite ignored="2" hostname="DeepikaRajesh" failures="0" tests="1" name="Test" time="24.219" errors="0" timestamp="26 Feb 2025 10:44:46 GMT">
  <testcase classname="com.comcast.crm.orgtest.CreateOrgTest" name="createOrgTest" time="15.619"/>
  <testcase classname="com.comcast.crm.orgtest.CreateOrgTest" name="createOrgWithPhoneNumberTest" time="0.0">
    <ignored/>
  </testcase> <!-- createOrgWithPhoneNumberTest -->
  <testcase classname="com.comcast.crm.orgtest.CreateOrgTest" name="createOrgWithIndustriesTest" time="0.0">
    <ignored/>
  </testcase> <!-- createOrgWithIndustriesTest -->
</testsuite> <!-- Test -->
